<?xml version="1.0" encoding="UTF-8"?>
<testsuite xmlns:xsi="http://www.w3.org/2001/XMLSchema-instance" xsi:noNamespaceSchemaLocation="https://maven.apache.org/surefire/maven-surefire-plugin/xsd/surefire-test-report-3.0.xsd" version="3.0" name="com.realnest.repository.CustomerRepositoryTest" time="0.861" tests="1" errors="0" skipped="0" failures="0">
  <properties>
[...]
</properties>
  <testcase name="saveAndFindCustomers" classname="com.realnest.repository.CustomerRepositoryTest" time="0.149">
    <system-out><![CDATA[2025-11-15T21:58:15.076+05:30  INFO 9068 --- [           main] t.c.s.AnnotationConfigContextLoaderUtils : Could not detect default configuration classes for test class [com.realnest.repository.CustomerRepositoryTest]: CustomerRepositoryTest does not declare any static, non-private, non-final, nested classes annotated with @Configuration.
2025-11-15T21:58:15.106+05:30  INFO 9068 --- [           main] .b.t.c.SpringBootTestContextBootstrapper : Found @SpringBootConfiguration com.realnest.RealnestApplication for test class com.realnest.repository.CustomerRepositoryTest

  .   ____          _            __ _ _
 /\\ / ___'_ __ _ _(_)_ __  __ _ \ \ \ \
( ( )\___ | '_ | '_| | '_ \/ _` | \ \ \ \
 \\/  ___)| |_)| | | | | || (_| |  ) ) ) )
  '  |____| .__|_| |_|_| |_\__, | / / / /
 =========|_|==============|___/=/_/_/_/

 :: Spring Boot ::                (v3.3.5)

2025-11-15T21:58:15.146+05:30  INFO 9068 --- [           main] c.r.repository.CustomerRepositoryTest    : Starting CustomerRepositoryTest using Java 25.0.1 with PID 9068 (started by riote in c:\Users\riote\Downloads\realnest-thymeleaf-java21)
2025-11-15T21:58:15.146+05:30  INFO 9068 --- [           main] c.r.repository.CustomerRepositoryTest    : No active profile set, falling back to 1 default profile: "default"
2025-11-15T21:58:15.296+05:30  INFO 9068 --- [           main] .s.d.r.c.RepositoryConfigurationDelegate : Bootstrapping Spring Data JPA repositories in DEFAULT mode.
2025-11-15T21:58:15.316+05:30  INFO 9068 --- [           main] .s.d.r.c.RepositoryConfigurationDelegate : Finished Spring Data repository scanning in 20 ms. Found 4 JPA repository interfaces.
2025-11-15T21:58:15.344+05:30  INFO 9068 --- [           main] beddedDataSourceBeanFactoryPostProcessor : Replacing 'dataSource' DataSource bean with embedded version
2025-11-15T21:58:15.400+05:30  INFO 9068 --- [           main] o.s.j.d.e.EmbeddedDatabaseFactory        : Starting embedded database: url='jdbc:h2:mem:8e5259b6-b99c-46c0-b7e8-d98ccde43c38;DB_CLOSE_DELAY=-1;DB_CLOSE_ON_EXIT=false', username='sa'
2025-11-15T21:58:15.421+05:30  INFO 9068 --- [           main] o.hibernate.jpa.internal.util.LogHelper  : HHH000204: Processing PersistenceUnitInfo [name: default]
2025-11-15T21:58:15.425+05:30  INFO 9068 --- [           main] o.h.c.internal.RegionFactoryInitiator    : HHH000026: Second-level cache disabled
2025-11-15T21:58:15.436+05:30  INFO 9068 --- [           main] o.s.o.j.p.SpringPersistenceUnitInfo      : No LoadTimeWeaver setup: ignoring JPA class transformer
2025-11-15T21:58:15.589+05:30  INFO 9068 --- [           main] o.h.e.t.j.p.i.JtaPlatformInitiator       : HHH000489: No JTA platform available (set 'hibernate.transaction.jta.platform' to enable JTA platform integration)
Hibernate: drop table if exists customers cascade 
Hibernate: drop table if exists enquiries cascade 
Hibernate: drop table if exists property cascade 
Hibernate: drop table if exists users cascade 
Hibernate: create table customers (id bigint generated by default as identity, phone varchar(20) not null, email varchar(255) not null unique, name varchar(255) not null, photo_path varchar(255), primary key (id))
Hibernate: create table enquiries (created_at timestamp(6), id bigint generated by default as identity, property_id bigint not null, phone varchar(20) not null, message varchar(1000) not null, email varchar(255) not null, name varchar(255) not null, status enum ('CLOSED','CONTACTED','NEW') not null, primary key (id))
Hibernate: create table property (approved boolean not null, price numeric(38,2) not null, date_listed timestamp(6), id bigint generated by default as identity, owner_id bigint, description varchar(1000) not null, image_url varchar(255), location varchar(255) not null, title varchar(255) not null, type enum ('RENT','SALE') not null, primary key (id))
Hibernate: create table users (created_at timestamp(6), id bigint generated by default as identity, phone varchar(30), email varchar(255) not null unique, name varchar(255) not null, password varchar(255) not null, role enum ('ADMIN','CUSTOMER') not null, primary key (id))
Hibernate: alter table if exists enquiries add constraint FK9t065nh44hrpluatlrxi42u31 foreign key (property_id) references property
Hibernate: alter table if exists property add constraint FKqje3em0djsxgnxwy7klv6yju9 foreign key (owner_id) references users
2025-11-15T21:58:15.601+05:30  INFO 9068 --- [           main] j.LocalContainerEntityManagerFactoryBean : Initialized JPA EntityManagerFactory for persistence unit 'default'
2025-11-15T21:58:15.762+05:30  INFO 9068 --- [           main] c.r.repository.CustomerRepositoryTest    : Started CustomerRepositoryTest in 0.651 seconds (process running for 21.073)
Hibernate: insert into customers (email,name,phone,photo_path,id) values (?,?,?,?,default)
Hibernate: select c1_0.id,c1_0.email,c1_0.name,c1_0.phone,c1_0.photo_path from customers c1_0
]]></system-out>
  </testcase>
</testsuite>